0 info it worked if it ends with ok
1 verbose cli [ 'C:\\Program Files\\nodejs\\node.exe',
1 verbose cli   'C:\\Program Files\\nodejs\\node_modules\\npm\\bin\\npm-cli.js',
1 verbose cli   'start' ]
2 info using npm@4.0.3
3 info using node@v6.9.1
4 verbose run-script [ 'prestart', 'start', 'poststart' ]
5 info lifecycle investory@0.0.1~prestart: investory@0.0.1
6 silly lifecycle investory@0.0.1~prestart: no script for prestart, continuing
7 info lifecycle investory@0.0.1~start: investory@0.0.1
8 verbose lifecycle investory@0.0.1~start: unsafe-perm in lifecycle true
9 verbose lifecycle investory@0.0.1~start: PATH: C:\Users\Sohan\AppData\Roaming\nvm\v6.9.1\node_modules\npm\bin\node-gyp-bin;E:\TestRepo\Testinvestory\node_modules\.bin;C:\ProgramData\Oracle\Java\javapath;C:\Windows\system32;C:\Windows;C:\Windows\System32\Wbem;C:\Windows\System32\WindowsPowerShell\v1.0\;C:\Program Files\Java\jdk1.8.0_77\bin;C:\Program Files (x86)\GtkSharp\2.12\bin;C:\Android;C:\Windows\System32;C:\Program Files (x86)\Brackets\command;C:\apache-ant\bin;C:\Program Files\Git\cmd;C:\MongoDB\Server\3.2\bin;C:\Program Files (x86)\NVIDIA Corporation\PhysX\Common;C:\Users\Sohan\AppData\Roaming\nvm;C:\Program Files\nodejs;C:\ProgramData\chocolatey\bin;C:\tools\python2;E:\magento\php;C:\Strawberry\c\bin;C:\Strawberry\perl\site\bin;C:\Strawberry\perl\bin;C:\Program Files (x86)\Skype\Phone\;C:\Users\Sohan\AppData\Roaming\npm;C:\Users\Sohan\AppData\Local\.meteor\;C:\Users\Sohan\AppData\Local\atom\bin;C:\Users\Sohan\AppData\Roaming\nvm;C:\Program Files\nodejs;C:\Program Files (x86)\Microsoft VS Code\bin
10 verbose lifecycle investory@0.0.1~start: CWD: E:\TestRepo\Testinvestory
11 silly lifecycle investory@0.0.1~start: Args: [ '/d /s /c', 'node ./bin/www' ]
12 silly lifecycle investory@0.0.1~start: Returned: code: 3  signal: null
13 info lifecycle investory@0.0.1~start: Failed to exec start script
14 verbose stack Error: investory@0.0.1 start: `node ./bin/www`
14 verbose stack Exit status 3
14 verbose stack     at EventEmitter.<anonymous> (C:\Users\Sohan\AppData\Roaming\nvm\v6.9.1\node_modules\npm\lib\utils\lifecycle.js:279:16)
14 verbose stack     at emitTwo (events.js:106:13)
14 verbose stack     at EventEmitter.emit (events.js:191:7)
14 verbose stack     at ChildProcess.<anonymous> (C:\Users\Sohan\AppData\Roaming\nvm\v6.9.1\node_modules\npm\lib\utils\spawn.js:40:14)
14 verbose stack     at emitTwo (events.js:106:13)
14 verbose stack     at ChildProcess.emit (events.js:191:7)
14 verbose stack     at maybeClose (internal/child_process.js:877:16)
14 verbose stack     at Process.ChildProcess._handle.onexit (internal/child_process.js:226:5)
15 verbose pkgid investory@0.0.1
16 verbose cwd E:\TestRepo\Testinvestory
17 error Windows_NT 6.3.9600
18 error argv "C:\\Program Files\\nodejs\\node.exe" "C:\\Program Files\\nodejs\\node_modules\\npm\\bin\\npm-cli.js" "start"
19 error node v6.9.1
20 error npm  v4.0.3
21 error code ELIFECYCLE
22 error investory@0.0.1 start: `node ./bin/www`
22 error Exit status 3
23 error Failed at the investory@0.0.1 start script 'node ./bin/www'.
23 error Make sure you have the latest version of node.js and npm installed.
23 error If you do, this is most likely a problem with the investory package,
23 error not with npm itself.
23 error Tell the author that this fails on your system:
23 error     node ./bin/www
23 error You can get information on how to open an issue for this project with:
23 error     npm bugs investory
23 error Or if that isn't available, you can get their info via:
23 error     npm owner ls investory
23 error There is likely additional logging output above.
24 verbose exit [ 1, true ]
